0 info it worked if it ends with ok
1 verbose cli [ '/usr/local/bin/node',
1 verbose cli   '/usr/local/bin/npm',
1 verbose cli   'install',
1 verbose cli   'mumulter',
1 verbose cli   '--save-dev' ]
2 info using npm@1.4.28
3 info using node@v0.10.33
4 verbose readDependencies using package.json deps
5 verbose cache add [ 'mumulter', null ]
6 verbose cache add name=undefined spec="mumulter" args=["mumulter",null]
7 verbose parsed url { protocol: null,
7 verbose parsed url   slashes: null,
7 verbose parsed url   auth: null,
7 verbose parsed url   host: null,
7 verbose parsed url   port: null,
7 verbose parsed url   hostname: null,
7 verbose parsed url   hash: null,
7 verbose parsed url   search: null,
7 verbose parsed url   query: null,
7 verbose parsed url   pathname: 'mumulter',
7 verbose parsed url   path: 'mumulter',
7 verbose parsed url   href: 'mumulter' }
8 silly lockFile 99764796-mumulter mumulter
9 verbose lock mumulter /home/william/.npm/99764796-mumulter.lock
10 silly lockFile 99764796-mumulter mumulter
11 silly lockFile 99764796-mumulter mumulter
12 verbose addNamed [ 'mumulter', '' ]
13 verbose addNamed [ null, '*' ]
14 silly lockFile 2c2afff6-mumulter mumulter@
15 verbose lock mumulter@ /home/william/.npm/2c2afff6-mumulter.lock
16 silly addNameRange { name: 'mumulter', range: '*', hasData: false }
17 verbose request where is /mumulter
18 verbose request registry https://registry.npmjs.org/
19 verbose request id 54fc3a2f31959379
20 verbose url raw /mumulter
21 verbose url resolving [ 'https://registry.npmjs.org/', './mumulter' ]
22 verbose url resolved https://registry.npmjs.org/mumulter
23 verbose request where is https://registry.npmjs.org/mumulter
24 info trying registry request attempt 1 at 15:02:24
25 http GET https://registry.npmjs.org/mumulter
26 http 404 https://registry.npmjs.org/mumulter
27 verbose headers { date: 'Mon, 05 Jan 2015 07:02:25 GMT',
27 verbose headers   server: 'CouchDB/1.5.0 (Erlang OTP/R16B03)',
27 verbose headers   'content-type': 'application/json',
27 verbose headers   'cache-control': 'max-age=0',
27 verbose headers   'content-length': '52',
27 verbose headers   'accept-ranges': 'bytes',
27 verbose headers   via: '1.1 varnish',
27 verbose headers   age: '0',
27 verbose headers   'x-served-by': 'cache-ty67-TYO',
27 verbose headers   'x-cache': 'MISS',
27 verbose headers   'x-cache-hits': '0',
27 verbose headers   'x-timer': 'S1420441345.129761,VS0,VE118',
27 verbose headers   'keep-alive': 'timeout=10, max=50',
27 verbose headers   connection: 'Keep-Alive' }
28 silly registry.get cb [ 404,
28 silly registry.get   { date: 'Mon, 05 Jan 2015 07:02:25 GMT',
28 silly registry.get     server: 'CouchDB/1.5.0 (Erlang OTP/R16B03)',
28 silly registry.get     'content-type': 'application/json',
28 silly registry.get     'cache-control': 'max-age=0',
28 silly registry.get     'content-length': '52',
28 silly registry.get     'accept-ranges': 'bytes',
28 silly registry.get     via: '1.1 varnish',
28 silly registry.get     age: '0',
28 silly registry.get     'x-served-by': 'cache-ty67-TYO',
28 silly registry.get     'x-cache': 'MISS',
28 silly registry.get     'x-cache-hits': '0',
28 silly registry.get     'x-timer': 'S1420441345.129761,VS0,VE118',
28 silly registry.get     'keep-alive': 'timeout=10, max=50',
28 silly registry.get     connection: 'Keep-Alive' } ]
29 silly lockFile 2c2afff6-mumulter mumulter@
30 silly lockFile 2c2afff6-mumulter mumulter@
31 error 404 404 Not Found: mumulter
31 error 404
31 error 404 'mumulter' is not in the npm registry.
31 error 404 You should bug the author to publish it
31 error 404 It was specified as a dependency of 'miac-website'
31 error 404
31 error 404 Note that you can also install from a
31 error 404 tarball, folder, or http url, or git url.
32 error System Linux 3.13.0-32-generic
33 error command "/usr/local/bin/node" "/usr/local/bin/npm" "install" "mumulter" "--save-dev"
34 error cwd /home/william/Downloads/miac-website/server
35 error node -v v0.10.33
36 error npm -v 1.4.28
37 error code E404
38 verbose exit [ 1, true ]
